<<<<<<< HEAD
This is pdfTeX, Version 3.14159265-2.6-1.40.19 (TeX Live 2018) (preloaded format=pdflatex 2018.9.29)  16 NOV 2023 04:21
=======
This is pdfTeX, Version 3.141592653-2.6-1.40.25 (TeX Live 2023) (preloaded format=pdflatex 2023.10.27)  15 NOV 2023 20:22
>>>>>>> 1e3c9774e7055626662d30967f66968e2b79b88a
entering extended mode
 restricted \write18 enabled.
 %&-line parsing enabled.
**main_file.tex
(./main_file.tex
LaTeX2e <2022-11-01> patch level 1
L3 programming layer <2023-02-22>
(/usr/local/texlive/2023/texmf-dist/tex/latex/base/article.cls
Document Class: article 2022/07/02 v1.4n Standard LaTeX document class
(/usr/local/texlive/2023/texmf-dist/tex/latex/base/size10.clo
File: size10.clo 2022/07/02 v1.4n Standard LaTeX file (size option)
)
\c@part=\count185
\c@section=\count186
\c@subsection=\count187
\c@subsubsection=\count188
\c@paragraph=\count189
\c@subparagraph=\count190
\c@figure=\count191
\c@table=\count192
\abovecaptionskip=\skip48
\belowcaptionskip=\skip49
\bibindent=\dimen140
)
(/usr/local/texlive/2023/texmf-dist/tex/latex/graphics/graphicx.sty
Package: graphicx 2021/09/16 v1.2d Enhanced LaTeX Graphics (DPC,SPQR)

(/usr/local/texlive/2023/texmf-dist/tex/latex/graphics/keyval.sty
Package: keyval 2022/05/29 v1.15 key=value parser (DPC)
\KV@toks@=\toks16
)
(/usr/local/texlive/2023/texmf-dist/tex/latex/graphics/graphics.sty
Package: graphics 2022/03/10 v1.4e Standard LaTeX Graphics (DPC,SPQR)

(/usr/local/texlive/2023/texmf-dist/tex/latex/graphics/trig.sty
Package: trig 2021/08/11 v1.11 sin cos tan (DPC)
)
(/usr/local/texlive/2023/texmf-dist/tex/latex/graphics-cfg/graphics.cfg
File: graphics.cfg 2016/06/04 v1.11 sample graphics configuration
)
Package graphics Info: Driver file: pdftex.def on input line 107.

(/usr/local/texlive/2023/texmf-dist/tex/latex/graphics-def/pdftex.def
File: pdftex.def 2022/09/22 v1.2b Graphics/color driver for pdftex
))
\Gin@req@height=\dimen141
\Gin@req@width=\dimen142
)
(/usr/local/texlive/2023/texmf-dist/tex/latex/xcolor/xcolor.sty
Package: xcolor 2022/06/12 v2.14 LaTeX color extensions (UK)

(/usr/local/texlive/2023/texmf-dist/tex/latex/graphics-cfg/color.cfg
File: color.cfg 2016/01/02 v1.6 sample color configuration
)
Package xcolor Info: Driver file: pdftex.def on input line 227.

(/usr/local/texlive/2023/texmf-dist/tex/latex/graphics/mathcolor.ltx)
Package xcolor Info: Model `cmy' substituted by `cmy0' on input line 1353.
Package xcolor Info: Model `hsb' substituted by `rgb' on input line 1357.
Package xcolor Info: Model `RGB' extended on input line 1369.
Package xcolor Info: Model `HTML' substituted by `rgb' on input line 1371.
Package xcolor Info: Model `Hsb' substituted by `hsb' on input line 1372.
Package xcolor Info: Model `tHsb' substituted by `hsb' on input line 1373.
Package xcolor Info: Model `HSB' substituted by `hsb' on input line 1374.
Package xcolor Info: Model `Gray' substituted by `gray' on input line 1375.
Package xcolor Info: Model `wave' substituted by `hsb' on input line 1376.
)
(/usr/local/texlive/2023/texmf-dist/tex/latex/framed/framed.sty
Package: framed 2011/10/22 v 0.96: framed or shaded text with page breaks
\OuterFrameSep=\skip50
\fb@frw=\dimen143
\fb@frh=\dimen144
\FrameRule=\dimen145
\FrameSep=\dimen146
)
(/usr/local/texlive/2023/texmf-dist/tex/latex/base/alltt.sty
Package: alltt 2021/01/29 v2.0g defines alltt environment
)
(/usr/local/texlive/2023/texmf-dist/tex/latex/hyperref/hyperref.sty
Package: hyperref 2023-02-07 v7.00v Hypertext links for LaTeX

(/usr/local/texlive/2023/texmf-dist/tex/generic/ltxcmds/ltxcmds.sty
Package: ltxcmds 2020-05-10 v1.25 LaTeX kernel commands for general use (HO)
)
(/usr/local/texlive/2023/texmf-dist/tex/generic/iftex/iftex.sty
Package: iftex 2022/02/03 v1.0f TeX engine tests
)
(/usr/local/texlive/2023/texmf-dist/tex/generic/pdftexcmds/pdftexcmds.sty
Package: pdftexcmds 2020-06-27 v0.33 Utility functions of pdfTeX for LuaTeX (HO
)

(/usr/local/texlive/2023/texmf-dist/tex/generic/infwarerr/infwarerr.sty
Package: infwarerr 2019/12/03 v1.5 Providing info/warning/error messages (HO)
)
Package pdftexcmds Info: \pdf@primitive is available.
Package pdftexcmds Info: \pdf@ifprimitive is available.
Package pdftexcmds Info: \pdfdraftmode found.
)
(/usr/local/texlive/2023/texmf-dist/tex/latex/kvsetkeys/kvsetkeys.sty
Package: kvsetkeys 2022-10-05 v1.19 Key value parser (HO)
)
(/usr/local/texlive/2023/texmf-dist/tex/generic/kvdefinekeys/kvdefinekeys.sty
Package: kvdefinekeys 2019-12-19 v1.6 Define keys (HO)
)
(/usr/local/texlive/2023/texmf-dist/tex/generic/pdfescape/pdfescape.sty
Package: pdfescape 2019/12/09 v1.15 Implements pdfTeX's escape features (HO)
)
(/usr/local/texlive/2023/texmf-dist/tex/latex/hycolor/hycolor.sty
Package: hycolor 2020-01-27 v1.10 Color options for hyperref/bookmark (HO)
)
(/usr/local/texlive/2023/texmf-dist/tex/latex/letltxmacro/letltxmacro.sty
Package: letltxmacro 2019/12/03 v1.6 Let assignment for LaTeX macros (HO)
)
(/usr/local/texlive/2023/texmf-dist/tex/latex/auxhook/auxhook.sty
Package: auxhook 2019-12-17 v1.6 Hooks for auxiliary files (HO)
)
(/usr/local/texlive/2023/texmf-dist/tex/latex/hyperref/nameref.sty
Package: nameref 2022-05-17 v2.50 Cross-referencing by name of section

(/usr/local/texlive/2023/texmf-dist/tex/latex/refcount/refcount.sty
Package: refcount 2019/12/15 v3.6 Data extraction from label references (HO)
)
(/usr/local/texlive/2023/texmf-dist/tex/generic/gettitlestring/gettitlestring.s
ty
Package: gettitlestring 2019/12/15 v1.6 Cleanup title references (HO)
 (/usr/local/texlive/2023/texmf-dist/tex/latex/kvoptions/kvoptions.sty
Package: kvoptions 2022-06-15 v3.15 Key value format for package options (HO)
))
\c@section@level=\count193
)
\@linkdim=\dimen147
\Hy@linkcounter=\count194
\Hy@pagecounter=\count195

(/usr/local/texlive/2023/texmf-dist/tex/latex/hyperref/pd1enc.def
File: pd1enc.def 2023-02-07 v7.00v Hyperref: PDFDocEncoding definition (HO)
Now handling font encoding PD1 ...
... no UTF-8 mapping file for font encoding PD1
)
(/usr/local/texlive/2023/texmf-dist/tex/generic/intcalc/intcalc.sty
Package: intcalc 2019/12/15 v1.3 Expandable calculations with integers (HO)
)
(/usr/local/texlive/2023/texmf-dist/tex/generic/etexcmds/etexcmds.sty
Package: etexcmds 2019/12/15 v1.7 Avoid name clashes with e-TeX commands (HO)
)
\Hy@SavedSpaceFactor=\count196

(/usr/local/texlive/2023/texmf-dist/tex/latex/hyperref/puenc.def
File: puenc.def 2023-02-07 v7.00v Hyperref: PDF Unicode definition (HO)
Now handling font encoding PU ...
... no UTF-8 mapping file for font encoding PU
)
Package hyperref Info: Hyper figures OFF on input line 4177.
Package hyperref Info: Link nesting OFF on input line 4182.
Package hyperref Info: Hyper index ON on input line 4185.
Package hyperref Info: Plain pages OFF on input line 4192.
Package hyperref Info: Backreferencing OFF on input line 4197.
Package hyperref Info: Implicit mode ON; LaTeX internals redefined.
Package hyperref Info: Bookmarks ON on input line 4425.
\c@Hy@tempcnt=\count197

(/usr/local/texlive/2023/texmf-dist/tex/latex/url/url.sty
\Urlmuskip=\muskip16
Package: url 2013/09/16  ver 3.4  Verb mode for urls, etc.
)
LaTeX Info: Redefining \url on input line 4763.
\XeTeXLinkMargin=\dimen148

(/usr/local/texlive/2023/texmf-dist/tex/generic/bitset/bitset.sty
Package: bitset 2019/12/09 v1.3 Handle bit-vector datatype (HO)

(/usr/local/texlive/2023/texmf-dist/tex/generic/bigintcalc/bigintcalc.sty
Package: bigintcalc 2019/12/15 v1.5 Expandable calculations on big integers (HO
)
))
\Fld@menulength=\count198
\Field@Width=\dimen149
\Fld@charsize=\dimen150
Package hyperref Info: Hyper figures OFF on input line 6042.
Package hyperref Info: Link nesting OFF on input line 6047.
Package hyperref Info: Hyper index ON on input line 6050.
Package hyperref Info: backreferencing OFF on input line 6057.
Package hyperref Info: Link coloring OFF on input line 6062.
Package hyperref Info: Link coloring with OCG OFF on input line 6067.
Package hyperref Info: PDF/A mode OFF on input line 6072.

(/usr/local/texlive/2023/texmf-dist/tex/latex/base/atbegshi-ltx.sty
Package: atbegshi-ltx 2021/01/10 v1.0c Emulation of the original atbegshi
package with kernel methods
)
\Hy@abspage=\count199
\c@Item=\count266
\c@Hfootnote=\count267
)
Package hyperref Info: Driver (autodetected): hpdftex.

(/usr/local/texlive/2023/texmf-dist/tex/latex/hyperref/hpdftex.def
File: hpdftex.def 2023-02-07 v7.00v Hyperref driver for pdfTeX

(/usr/local/texlive/2023/texmf-dist/tex/latex/base/atveryend-ltx.sty
Package: atveryend-ltx 2020/08/19 v1.0a Emulation of the original atveryend pac
kage
with kernel methods
)
\Fld@listcount=\count268
\c@bookmark@seq@number=\count269

(/usr/local/texlive/2023/texmf-dist/tex/latex/rerunfilecheck/rerunfilecheck.sty
Package: rerunfilecheck 2022-07-10 v1.10 Rerun checks for auxiliary files (HO)

(/usr/local/texlive/2023/texmf-dist/tex/generic/uniquecounter/uniquecounter.sty
Package: uniquecounter 2019/12/15 v1.4 Provide unlimited unique counter (HO)
)
Package uniquecounter Info: New unique counter `rerunfilecheck' on input line 2
85.
)
\Hy@SectionHShift=\skip51
) (/usr/local/texlive/2023/texmf-dist/tex/latex/blindtext/blindtext.sty
Package: blindtext 2012/01/06 V2.0 blindtext-Package

(/usr/local/texlive/2023/texmf-dist/tex/latex/tools/xspace.sty
Package: xspace 2014/10/28 v1.13 Space after command names (DPC,MH)
)
\c@blindtext=\count270
\c@Blindtext=\count271
\c@blind@countparstart=\count272
\blind@countxx=\count273
\blindtext@numBlindtext=\count274
\blind@countyy=\count275
\c@blindlist=\count276
\c@blindlistlevel=\count277
\c@blindlist@level=\count278
\blind@listitem=\count279
\c@blind@listcount=\count280
\c@blind@levelcount=\count281
\blind@mathformula=\count282
\blind@Mathformula=\count283
\c@blind@randomcount=\count284
\c@blind@randommax=\count285
\c@blind@pangramcount=\count286
\c@blind@pangrammax=\count287
)
(/usr/local/texlive/2023/texmf-dist/tex/latex/float/float.sty
Package: float 2001/11/08 v1.3d Float enhancements (AL)
\c@float@type=\count288
\float@exts=\toks17
\float@box=\box51
\@float@everytoks=\toks18
\@floatcapt=\box52
)
(/usr/local/texlive/2023/texmf-dist/tex/latex/listings/listings.sty
\lst@mode=\count289
\lst@gtempboxa=\box53
\lst@token=\toks19
\lst@length=\count290
\lst@currlwidth=\dimen151
\lst@column=\count291
\lst@pos=\count292
\lst@lostspace=\dimen152
\lst@width=\dimen153
\lst@newlines=\count293
\lst@lineno=\count294
\lst@maxwidth=\dimen154

(/usr/local/texlive/2023/texmf-dist/tex/latex/listings/lstmisc.sty
File: lstmisc.sty 2023/02/27 1.9 (Carsten Heinz)
\c@lstnumber=\count295
\lst@skipnumbers=\count296
\lst@framebox=\box54
)
(/usr/local/texlive/2023/texmf-dist/tex/latex/listings/listings.cfg
File: listings.cfg 2023/02/27 1.9 listings configuration
))
Package: listings 2023/02/27 1.9 (Carsten Heinz)

(/usr/local/texlive/2023/texmf-dist/tex/latex/appendix/appendix.sty
Package: appendix 2020/02/08 v1.2c extra appendix facilities
\c@@pps=\count297
\c@@ppsavesec=\count298
\c@@ppsaveapp=\count299
)
(/usr/local/texlive/2023/texmf-dist/tex/latex/amsmath/amsmath.sty
Package: amsmath 2022/04/08 v2.17n AMS math features
\@mathmargin=\skip52

For additional information on amsmath, use the `?' option.
(/usr/local/texlive/2023/texmf-dist/tex/latex/amsmath/amstext.sty
Package: amstext 2021/08/26 v2.01 AMS text

(/usr/local/texlive/2023/texmf-dist/tex/latex/amsmath/amsgen.sty
File: amsgen.sty 1999/11/30 v2.0 generic functions
\@emptytoks=\toks20
\ex@=\dimen155
))
(/usr/local/texlive/2023/texmf-dist/tex/latex/amsmath/amsbsy.sty
Package: amsbsy 1999/11/29 v1.2d Bold Symbols
\pmbraise@=\dimen156
)
(/usr/local/texlive/2023/texmf-dist/tex/latex/amsmath/amsopn.sty
Package: amsopn 2022/04/08 v2.04 operator names
)
\inf@bad=\count300
LaTeX Info: Redefining \frac on input line 234.
\uproot@=\count301
\leftroot@=\count302
LaTeX Info: Redefining \overline on input line 399.
LaTeX Info: Redefining \colon on input line 410.
\classnum@=\count303
\DOTSCASE@=\count304
LaTeX Info: Redefining \ldots on input line 496.
LaTeX Info: Redefining \dots on input line 499.
LaTeX Info: Redefining \cdots on input line 620.
\Mathstrutbox@=\box55
\strutbox@=\box56
LaTeX Info: Redefining \big on input line 722.
LaTeX Info: Redefining \Big on input line 723.
LaTeX Info: Redefining \bigg on input line 724.
LaTeX Info: Redefining \Bigg on input line 725.
\big@size=\dimen157
LaTeX Font Info:    Redeclaring font encoding OML on input line 743.
LaTeX Font Info:    Redeclaring font encoding OMS on input line 744.
\macc@depth=\count305
LaTeX Info: Redefining \bmod on input line 905.
LaTeX Info: Redefining \pmod on input line 910.
LaTeX Info: Redefining \smash on input line 940.
LaTeX Info: Redefining \relbar on input line 970.
LaTeX Info: Redefining \Relbar on input line 971.
\c@MaxMatrixCols=\count306
\dotsspace@=\muskip17
\c@parentequation=\count307
\dspbrk@lvl=\count308
\tag@help=\toks21
\row@=\count309
\column@=\count310
\maxfields@=\count311
\andhelp@=\toks22
\eqnshift@=\dimen158
\alignsep@=\dimen159
\tagshift@=\dimen160
\tagwidth@=\dimen161
\totwidth@=\dimen162
\lineht@=\dimen163
\@envbody=\toks23
\multlinegap=\skip53
\multlinetaggap=\skip54
\mathdisplay@stack=\toks24
LaTeX Info: Redefining \[ on input line 2953.
LaTeX Info: Redefining \] on input line 2954.
)
(/usr/local/texlive/2023/texmf-dist/tex/latex/comment/comment.sty
\CommentStream=\write3

Excluding comment 'comment')
(/usr/local/texlive/2023/texmf-dist/tex/latex/natbib/natbib.sty
Package: natbib 2010/09/13 8.31b (PWD, AO)
\bibhang=\skip55
\bibsep=\skip56
LaTeX Info: Redefining \cite on input line 694.
\c@NAT@ctr=\count312
)
(/usr/local/texlive/2023/texmf-dist/tex/latex/geometry/geometry.sty
Package: geometry 2020/01/02 v5.9 Page Geometry

(/usr/local/texlive/2023/texmf-dist/tex/generic/iftex/ifvtex.sty
Package: ifvtex 2019/10/25 v1.7 ifvtex legacy package. Use iftex instead.
)
\Gm@cnth=\count313
\Gm@cntv=\count314
\c@Gm@tempcnt=\count315
\Gm@bindingoffset=\dimen164
\Gm@wd@mp=\dimen165
\Gm@odd@mp=\dimen166
\Gm@even@mp=\dimen167
\Gm@layoutwidth=\dimen168
\Gm@layoutheight=\dimen169
\Gm@layouthoffset=\dimen170
\Gm@layoutvoffset=\dimen171
\Gm@dimlist=\toks25
)
(/usr/local/texlive/2023/texmf-dist/tex/latex/upquote/upquote.sty
Package: upquote 2012/04/19 v1.3 upright-quote and grave-accent glyphs in verba
tim
)
(/usr/local/texlive/2023/texmf-dist/tex/latex/l3backend/l3backend-pdftex.def
File: l3backend-pdftex.def 2023-01-16 L3 backend support: PDF output (pdfTeX)
\l__color_backend_stack_int=\count316
\l__pdf_internal_box=\box57
)
(./main_file.aux)
\openout1 = `main_file.aux'.

LaTeX Font Info:    Checking defaults for OML/cmm/m/it on input line 66.
LaTeX Font Info:    ... okay on input line 66.
LaTeX Font Info:    Checking defaults for OMS/cmsy/m/n on input line 66.
LaTeX Font Info:    ... okay on input line 66.
LaTeX Font Info:    Checking defaults for OT1/cmr/m/n on input line 66.
LaTeX Font Info:    ... okay on input line 66.
LaTeX Font Info:    Checking defaults for T1/cmr/m/n on input line 66.
LaTeX Font Info:    ... okay on input line 66.
LaTeX Font Info:    Checking defaults for TS1/cmr/m/n on input line 66.
LaTeX Font Info:    ... okay on input line 66.
LaTeX Font Info:    Checking defaults for OMX/cmex/m/n on input line 66.
LaTeX Font Info:    ... okay on input line 66.
LaTeX Font Info:    Checking defaults for U/cmr/m/n on input line 66.
LaTeX Font Info:    ... okay on input line 66.
LaTeX Font Info:    Checking defaults for PD1/pdf/m/n on input line 66.
LaTeX Font Info:    ... okay on input line 66.
LaTeX Font Info:    Checking defaults for PU/pdf/m/n on input line 66.
LaTeX Font Info:    ... okay on input line 66.

(/usr/local/texlive/2023/texmf-dist/tex/context/base/mkii/supp-pdf.mkii
[Loading MPS to PDF converter (version 2006.09.02).]
\scratchcounter=\count317
\scratchdimen=\dimen172
\scratchbox=\box58
\nofMPsegments=\count318
\nofMParguments=\count319
\everyMPshowfont=\toks26
\MPscratchCnt=\count320
\MPscratchDim=\dimen173
\MPnumerator=\count321
\makeMPintoPDFobject=\count322
\everyMPtoPDFconversion=\toks27
) (/usr/local/texlive/2023/texmf-dist/tex/latex/epstopdf-pkg/epstopdf-base.sty
Package: epstopdf-base 2020-01-24 v2.11 Base part for package epstopdf
Package epstopdf-base Info: Redefining graphics rule for `.eps' on input line 4
85.

(/usr/local/texlive/2023/texmf-dist/tex/latex/latexconfig/epstopdf-sys.cfg
File: epstopdf-sys.cfg 2010/07/13 v1.3 Configuration of (r)epstopdf for TeX Liv
e
))
Package hyperref Info: Link coloring OFF on input line 66.

(./main_file.out) (./main_file.out)
\@outlinefile=\write4
\openout4 = `main_file.out'.


(/usr/local/texlive/2023/texmf-dist/tex/latex/base/textcomp.sty
Package: textcomp 2020/02/02 v2.0n Standard LaTeX package
)
\c@lstlisting=\count323

*geometry* driver: auto-detecting
*geometry* detected driver: pdftex
*geometry* verbose mode - [ preamble ] result:
* driver: pdftex
* paper: a4paper
* layout: <same size as paper>
* layoutoffset:(h,v)=(0.0pt,0.0pt)
* modes: 
* h-part:(L,W,R)=(81.94394pt, 433.62pt, 81.94394pt)
* v-part:(T,H,B)=(106.75473pt, 578.15999pt, 160.13213pt)
* \paperwidth=597.50787pt
* \paperheight=845.04684pt
* \textwidth=433.62pt
* \textheight=578.15999pt
* \oddsidemargin=9.67395pt
* \evensidemargin=9.67395pt
* \topmargin=-2.51526pt
* \headheight=12.0pt
* \headsep=25.0pt
* \topskip=10.0pt
* \footskip=30.0pt
* \marginparwidth=65.0pt
* \marginparsep=11.0pt
* \columnsep=10.0pt
* \skip\footins=9.0pt plus 4.0pt minus 2.0pt
* \hoffset=0.0pt
* \voffset=0.0pt
* \mag=1000
* \@twocolumnfalse
* \@twosidefalse
* \@mparswitchfalse
* \@reversemarginfalse
* (1in=72.27pt=25.4mm, 1cm=28.453pt)

<<<<<<< HEAD
(./main_file.toc)
=======
(./main_file.toc [1

{/usr/local/texlive/2023/texmf-var/fonts/map/pdftex/updmap/pdftex.map}])
>>>>>>> 1e3c9774e7055626662d30967f66968e2b79b88a
\tf@toc=\write5
\openout5 = `main_file.toc'.

 [1

{/usr/local/texlive/2018/texmf-var/fonts/map/pdftex/updmap/pdftex.map}]

! LaTeX Error: There's no line here to end.

See the LaTeX manual or LaTeX Companion for explanation.
Type  H <return>  for immediate help.
 ...                                              
                                                  
l.77 \\E
        ffective data visualisation is crucial for both exploratory data ana...

Your command was ignored.
Type  I <command> <return>  to replace it with another command,
or  <return>  to continue without it.


Underfull \hbox (badness 10000) in paragraph at lines 77--84

 []


Underfull \hbox (badness 10000) in paragraph at lines 77--84

 []


Underfull \hbox (badness 10000) in paragraph at lines 77--84

 []


Underfull \hbox (badness 10000) in paragraph at lines 77--84

 []


Underfull \hbox (badness 10000) in paragraph at lines 85--87

 []

<<<<<<< HEAD
<image_reference/Nightingale-mortality.jpg, id=187, 7022.235pt x 3840.3475pt>
File: image_reference/Nightingale-mortality.jpg Graphic file (type jpg)
<use image_reference/Nightingale-mortality.jpg>
Package pdftex.def Info: image_reference/Nightingale-mortality.jpg  used on inp
ut line 93.
=======
<Nightingale-mortality.jpg, id=246, 7022.235pt x 3840.3475pt>
File: Nightingale-mortality.jpg Graphic file (type jpg)
<use Nightingale-mortality.jpg>
Package pdftex.def Info: Nightingale-mortality.jpg  used on input line 93.
>>>>>>> 1e3c9774e7055626662d30967f66968e2b79b88a
(pdftex.def)             Requested size: 303.53267pt x 165.9521pt.

Underfull \hbox (badness 10000) in paragraph at lines 98--101

 []

<<<<<<< HEAD
[2pdfTeX warning (ext4): destination with the same identifier (name{figure.1}) 
has been already used, duplicate ignored

\AtBegShi@Output ...ipout \box \AtBeginShipoutBox 
                                                  \fi \fi 
=======
[3
pdfTeX warning (ext4): destination with the same identifier (name{figure.1}) ha
s been already used, duplicate ignored
<argument> ...shipout:D \box_use:N \l_shipout_box 
                                                  \__shipout_drop_firstpage_...
>>>>>>> 1e3c9774e7055626662d30967f66968e2b79b88a
l.101 
       <./image_reference/Nightingale-mortality.jpg>]
Underfull \hbox (badness 10000) in paragraph at lines 102--104

 []


Underfull \hbox (badness 10000) in paragraph at lines 105--107

 []


Underfull \hbox (badness 10000) in paragraph at lines 108--110

 []

<<<<<<< HEAD
<image_reference/global.png, id=199, 910.48155pt x 455.301pt>
File: image_reference/global.png Graphic file (type png)
<use image_reference/global.png>
Package pdftex.def Info: image_reference/global.png  used on input line 116.
=======
<global.png, id=258, 910.48155pt x 455.301pt>
File: global.png Graphic file (type png)
<use global.png>
Package pdftex.def Info: global.png  used on input line 116.
>>>>>>> 1e3c9774e7055626662d30967f66968e2b79b88a
(pdftex.def)             Requested size: 303.53267pt x 151.78514pt.

Underfull \hbox (badness 10000) in paragraph at lines 121--123

 []


Underfull \hbox (badness 10000) in paragraph at lines 124--126

 []

<<<<<<< HEAD
[3pdfTeX warning (ext4): destination with the same identifier (name{figure.2}) 
has been already used, duplicate ignored

\AtBegShi@Output ...ipout \box \AtBeginShipoutBox 
                                                  \fi \fi 
l.129 
       <./image_reference/global.png (PNG copy)>]
<image_reference/misuse1.png, id=210, 681.54625pt x 511.9125pt>
File: image_reference/misuse1.png Graphic file (type png)
<use image_reference/misuse1.png>
Package pdftex.def Info: image_reference/misuse1.png  used on input line 132.
=======
[4
pdfTeX warning (ext4): destination with the same identifier (name{figure.2}) ha
s been already used, duplicate ignored
<argument> ...shipout:D \box_use:N \l_shipout_box 
                                                  \__shipout_drop_firstpage_...
l.129 
       <./global.png (PNG copy)>]
<misuse1.png, id=269, 681.54625pt x 511.9125pt>
File: misuse1.png Graphic file (type png)
<use misuse1.png>
Package pdftex.def Info: misuse1.png  used on input line 132.
>>>>>>> 1e3c9774e7055626662d30967f66968e2b79b88a
(pdftex.def)             Requested size: 303.53267pt x 227.9839pt.

Underfull \hbox (badness 10000) in paragraph at lines 137--139

 []


Underfull \hbox (badness 10000) in paragraph at lines 140--142

 []


Underfull \hbox (badness 10000) in paragraph at lines 143--145

 []

<<<<<<< HEAD
<image_reference/familytree.jpg, id=217, 955.57pt x 497.86pt>
File: image_reference/familytree.jpg Graphic file (type jpg)
<use image_reference/familytree.jpg>
Package pdftex.def Info: image_reference/familytree.jpg  used on input line 151
.
(pdftex.def)             Requested size: 303.53267pt x 158.14096pt.
[4pdfTeX warning (ext4): destination with the same identifier (name{figure.3}) 
has been already used, duplicate ignored

\AtBegShi@Output ...ipout \box \AtBeginShipoutBox 
                                                  \fi \fi 
=======
<familytree.jpg, id=276, 955.57pt x 497.86pt>
File: familytree.jpg Graphic file (type jpg)
<use familytree.jpg>
Package pdftex.def Info: familytree.jpg  used on input line 151.
(pdftex.def)             Requested size: 303.53267pt x 158.14096pt.
[5
pdfTeX warning (ext4): destination with the same identifier (name{figure.3}) ha
s been already used, duplicate ignored
<argument> ...shipout:D \box_use:N \l_shipout_box 
                                                  \__shipout_drop_firstpage_...
>>>>>>> 1e3c9774e7055626662d30967f66968e2b79b88a
l.155 
       <./image_reference/misuse1.png>]
Underfull \hbox (badness 10000) in paragraph at lines 161--162

 []


Underfull \hbox (badness 10000) in paragraph at lines 163--166

 []


Underfull \hbox (badness 10000) in paragraph at lines 167--169

 []


Underfull \hbox (badness 10000) in paragraph at lines 170--172

 []


Underfull \hbox (badness 10000) in paragraph at lines 173--175

 []


Underfull \hbox (badness 10000) in paragraph at lines 176--178

 []


Underfull \hbox (badness 10000) in paragraph at lines 179--181

 []

<<<<<<< HEAD
[5pdfTeX warning (ext4): destination with the same identifier (name{figure.4}) 
has been already used, duplicate ignored

\AtBegShi@Output ...ipout \box \AtBeginShipoutBox 
                                                  \fi \fi 
=======
[6
pdfTeX warning (ext4): destination with the same identifier (name{figure.4}) ha
s been already used, duplicate ignored
<argument> ...shipout:D \box_use:N \l_shipout_box 
                                                  \__shipout_drop_firstpage_...
>>>>>>> 1e3c9774e7055626662d30967f66968e2b79b88a
l.182 \noindent
                <./image_reference/familytree.jpg>]
Underfull \hbox (badness 10000) in paragraph at lines 186--187

 []


Underfull \hbox (badness 10000) in paragraph at lines 188--190

 []


Underfull \hbox (badness 10000) in paragraph at lines 191--193

 []


Underfull \hbox (badness 10000) in paragraph at lines 194--196

 []


Underfull \hbox (badness 10000) in paragraph at lines 197--199

 []


Underfull \hbox (badness 10000) in paragraph at lines 200--202

 []


Underfull \hbox (badness 10000) in paragraph at lines 206--207

 []

[6]
Underfull \hbox (badness 10000) in paragraph at lines 208--210

 []

[7]
Underfull \hbox (badness 10000) in paragraph at lines 221--222

 []


Underfull \hbox (badness 10000) in paragraph at lines 223--225

 []

<<<<<<< HEAD
<figure/beamer-messygraph-1.pdf, id=252, 433.62pt x 289.08pt>
=======

Underfull \hbox (badness 10000) in paragraph at lines 212--214

 []


Underfull \hbox (badness 10000) in paragraph at lines 217--218

 []


Underfull \hbox (badness 10000) in paragraph at lines 219--221

 []

[8]
Underfull \hbox (badness 10000) in paragraph at lines 232--233

 []


Underfull \hbox (badness 10000) in paragraph at lines 234--236

 []

<figure/beamer-messygraph-1.pdf, id=314, 433.62pt x 289.08pt>
>>>>>>> 1e3c9774e7055626662d30967f66968e2b79b88a
File: figure/beamer-messygraph-1.pdf Graphic file (type pdf)
<use figure/beamer-messygraph-1.pdf>
Package pdftex.def Info: figure/beamer-messygraph-1.pdf  used on input line 233
.
(pdftex.def)             Requested size: 195.12767pt x 130.0848pt.
<<<<<<< HEAD
<figure/beamer-cleargraph1-1.pdf, id=253, 433.62pt x 289.08pt>
=======
<figure/beamer-cleargraph1-1.pdf, id=315, 433.62pt x 289.08pt>
>>>>>>> 1e3c9774e7055626662d30967f66968e2b79b88a
File: figure/beamer-cleargraph1-1.pdf Graphic file (type pdf)
<use figure/beamer-cleargraph1-1.pdf>
Package pdftex.def Info: figure/beamer-cleargraph1-1.pdf  used on input line 24
6.
(pdftex.def)             Requested size: 195.12767pt x 130.0848pt.

Underfull \hbox (badness 10000) in paragraph at lines 258--260

 []

<<<<<<< HEAD
[8pdfTeX warning (ext4): destination with the same identifier (name{figure.5}) 
has been already used, duplicate ignored

\AtBegShi@Output ...ipout \box \AtBeginShipoutBox 
                                                  \fi \fi 
l.264 
       <./figure/beamer-messygraph-1.pdf> <./figure/beamer-cleargraph1-1.pdf>]
LaTeX Font Info:    Try loading font information for TS1+cmr on input line 268.


(/usr/local/texlive/2018/texmf-dist/tex/latex/base/ts1cmr.fd
File: ts1cmr.fd 2014/09/29 v2.5h Standard LaTeX font definitions
)
<figure/beamer-data-plots-1.pdf, id=277, 867.24pt x 578.16pt>
=======
[9
pdfTeX warning (ext4): destination with the same identifier (name{figure.5}) ha
s been already used, duplicate ignored
<argument> ...shipout:D \box_use:N \l_shipout_box 
                                                  \__shipout_drop_firstpage_...
l.275 
       <./figure/beamer-messygraph-1.pdf> <./figure/beamer-cleargraph1-1.pdf>]
<figure/beamer-data-plots-1.pdf, id=340, 867.24pt x 578.16pt>
>>>>>>> 1e3c9774e7055626662d30967f66968e2b79b88a
File: figure/beamer-data-plots-1.pdf Graphic file (type pdf)
<use figure/beamer-data-plots-1.pdf>
Package pdftex.def Info: figure/beamer-data-plots-1.pdf  used on input line 280
.
(pdftex.def)             Requested size: 433.62pt x 289.07928pt.
<<<<<<< HEAD
 [9] [10pdfTeX warning (ext4): destination with the same identifier (name{figur
e.6}) has been already used, duplicate ignored

\AtBegShi@Output ...ipout \box \AtBeginShipoutBox 
                                                  \fi \fi 
l.301     \item \textbf
                       {Mid-Level Abstraction}: At the mid-level, data is gr...
 <./figure/beamer-data-plots-1.pdf>]
<figure/beamer-abs-plots-1.pdf, id=297, 867.24pt x 289.08pt>
=======

[10{/usr/local/texlive/2023/texmf-dist/fonts/enc/dvips/cm-super/cm-super-ts1.en
c}] [11
pdfTeX warning (ext4): destination with the same identifier (name{figure.6}) ha
s been already used, duplicate ignored
<argument> ...shipout:D \box_use:N \l_shipout_box 
                                                  \__shipout_drop_firstpage_...
l.312     \item \textbf
                       {Mid-Level Abstraction}: At the mid-level, data is gr...
 <./figure/beamer-data-plots-1.pdf>]
<figure/beamer-abs-plots-1.pdf, id=360, 867.24pt x 289.08pt>
>>>>>>> 1e3c9774e7055626662d30967f66968e2b79b88a
File: figure/beamer-abs-plots-1.pdf Graphic file (type pdf)
<use figure/beamer-abs-plots-1.pdf>
Package pdftex.def Info: figure/beamer-abs-plots-1.pdf  used on input line 310.

(pdftex.def)             Requested size: 433.62pt x 144.53964pt.

Underfull \hbox (badness 10000) in paragraph at lines 319--321

 []


Underfull \hbox (badness 10000) in paragraph at lines 325--326

 []


Underfull \hbox (badness 10000) in paragraph at lines 327--329

 []

<<<<<<< HEAD
[11pdfTeX warning (ext4): destination with the same identifier (name{figure.7})
 has been already used, duplicate ignored

\AtBegShi@Output ...ipout \box \AtBeginShipoutBox 
                                                  \fi \fi 
l.329 
=======
[12
pdfTeX warning (ext4): destination with the same identifier (name{figure.7}) ha
s been already used, duplicate ignored
<argument> ...shipout:D \box_use:N \l_shipout_box 
                                                  \__shipout_drop_firstpage_...
l.340 
>>>>>>> 1e3c9774e7055626662d30967f66968e2b79b88a
       <./figure/beamer-abs-plots-1.pdf>]
Underfull \hbox (badness 10000) in paragraph at lines 333--334

 []


Underfull \hbox (badness 10000) in paragraph at lines 339--340

 []


Underfull \hbox (badness 10000) in paragraph at lines 341--343

 []


Underfull \hbox (badness 10000) in paragraph at lines 344--346

 []

<<<<<<< HEAD
<figure/beamer-colour-plot-1.pdf, id=318, 722.7pt x 216.81pt>
=======
<figure/beamer-colour-plot-1.pdf, id=380, 722.7pt x 216.81pt>
>>>>>>> 1e3c9774e7055626662d30967f66968e2b79b88a
File: figure/beamer-colour-plot-1.pdf Graphic file (type pdf)
<use figure/beamer-colour-plot-1.pdf>
Package pdftex.def Info: figure/beamer-colour-plot-1.pdf  used on input line 35
0.
(pdftex.def)             Requested size: 433.62pt x 130.08699pt.
[12]
Underfull \hbox (badness 10000) in paragraph at lines 359--362

 []


Underfull \hbox (badness 10000) in paragraph at lines 365--366

 []


Underfull \hbox (badness 10000) in paragraph at lines 368--370

 []

<<<<<<< HEAD
<figure/beamer-cogload-plot-1.pdf, id=324, 722.7pt x 289.08pt>
=======
<figure/beamer-cogload-plot-1.pdf, id=387, 722.7pt x 289.08pt>
>>>>>>> 1e3c9774e7055626662d30967f66968e2b79b88a
File: figure/beamer-cogload-plot-1.pdf Graphic file (type pdf)
<use figure/beamer-cogload-plot-1.pdf>
Package pdftex.def Info: figure/beamer-cogload-plot-1.pdf  used on input line 3
74.
(pdftex.def)             Requested size: 433.62pt x 173.44933pt.
<<<<<<< HEAD
[13pdfTeX warning (ext4): destination with the same identifier (name{figure.8})
 has been already used, duplicate ignored

\AtBegShi@Output ...ipout \box \AtBeginShipoutBox 
                                                  \fi \fi 
l.380 
       <./figure/beamer-colour-plot-1.pdf>] [14pdfTeX warning (ext4): destinati
on with the same identifier (name{figure.9}) has been already used, duplicate i
gnored

\AtBegShi@Output ...ipout \box \AtBeginShipoutBox 
                                                  \fi \fi 
l.387 \newpage
=======
[14
pdfTeX warning (ext4): destination with the same identifier (name{figure.8}) ha
s been already used, duplicate ignored
<argument> ...shipout:D \box_use:N \l_shipout_box 
                                                  \__shipout_drop_firstpage_...
l.391 
       <./figure/beamer-colour-plot-1.pdf>] [15
pdfTeX warning (ext4): destination with the same identifier (name{figure.9}) ha
s been already used, duplicate ignored
<argument> ...shipout:D \box_use:N \l_shipout_box 
                                                  \__shipout_drop_firstpage_...
l.398 \newpage
>>>>>>> 1e3c9774e7055626662d30967f66968e2b79b88a
               <./figure/beamer-cogload-plot-1.pdf>]
Underfull \hbox (badness 10000) in paragraph at lines 395--396

 []


Underfull \hbox (badness 10000) in paragraph at lines 397--399

 []


Underfull \hbox (badness 10000) in paragraph at lines 404--405

 []


Underfull \hbox (badness 10000) in paragraph at lines 406--407

 []

<<<<<<< HEAD
[15]
<figure/beamer-barchart2-1.pdf, id=356, 433.62pt x 289.08pt>
File: figure/beamer-barchart2-1.pdf Graphic file (type pdf)
<use figure/beamer-barchart2-1.pdf>
Package pdftex.def Info: figure/beamer-barchart2-1.pdf  used on input line 436.

(pdftex.def)             Requested size: 195.12767pt x 130.0848pt.
<figure/beamer-barchart3-1.pdf, id=357, 433.62pt x 289.08pt>
File: figure/beamer-barchart3-1.pdf Graphic file (type pdf)
<use figure/beamer-barchart3-1.pdf>
Package pdftex.def Info: figure/beamer-barchart3-1.pdf  used on input line 450.

(pdftex.def)             Requested size: 195.12767pt x 130.0848pt.
 [16pdfTeX warning (ext4): destination with the same identifier (name{figure.10
}) has been already used, duplicate ignored

\AtBegShi@Output ...ipout \box \AtBeginShipoutBox 
                                                  \fi \fi 
l.468 \end{enumerate}
                     pdfTeX warning (ext4): destination with the same identifie
r (name{figure.11}) has been already used, duplicate ignored

\AtBegShi@Output ...ipout \box \AtBeginShipoutBox 
                                                  \fi \fi 
l.468 \end{enumerate}
                      <./figure/beamer-barchart2-1.pdf> <./figure/beamer-barcha
rt3-1.pdf>]
Underfull \hbox (badness 10000) in paragraph at lines 470--472
=======
<figure/beamer-barcharts-1.pdf, id=410, 722.7pt x 216.81pt>
File: figure/beamer-barcharts-1.pdf Graphic file (type pdf)
<use figure/beamer-barcharts-1.pdf>
Package pdftex.def Info: figure/beamer-barcharts-1.pdf  used on input line 417.

(pdftex.def)             Requested size: 433.62pt x 130.08699pt.
[16]

LaTeX Warning: Reference `fig:barchart2' on page 17 undefined on input line 430
.


Underfull \hbox (badness 10000) in paragraph at lines 429--431
>>>>>>> 1e3c9774e7055626662d30967f66968e2b79b88a

 []


<<<<<<< HEAD
Underfull \hbox (badness 10000) in paragraph at lines 478--479
=======
Underfull \hbox (badness 10000) in paragraph at lines 437--438
>>>>>>> 1e3c9774e7055626662d30967f66968e2b79b88a

 []


<<<<<<< HEAD
Underfull \hbox (badness 10000) in paragraph at lines 480--483

 []

LaTeX Font Info:    Font shape `OT1/cmtt/bx/n' in size <7> not available
(Font)              Font shape `OT1/cmtt/m/n' tried instead on input line 490.
<figure/beamer-hist3-1.pdf, id=381, 361.35pt x 216.81pt>
File: figure/beamer-hist3-1.pdf Graphic file (type pdf)
<use figure/beamer-hist3-1.pdf>
Package pdftex.def Info: figure/beamer-hist3-1.pdf  used on input line 505.
(pdftex.def)             Requested size: 361.34912pt x 216.80946pt.
[17]
Underfull \hbox (badness 10000) in paragraph at lines 516--517

 []


Underfull \hbox (badness 10000) in paragraph at lines 518--520

 []

[18pdfTeX warning (ext4): destination with the same identifier (name{figure.12}
) has been already used, duplicate ignored

\AtBegShi@Output ...ipout \box \AtBeginShipoutBox 
                                                  \fi \fi 
l.528 ....969, 0.969}\color{fgcolor}\begin{kframe}
                                                   <./figure/beamer-hist3-1.pdf
>]
<figure/beamer-kde3-1.pdf, id=404, 361.35pt x 216.81pt>
File: figure/beamer-kde3-1.pdf Graphic file (type pdf)
<use figure/beamer-kde3-1.pdf>
Package pdftex.def Info: figure/beamer-kde3-1.pdf  used on input line 546.
(pdftex.def)             Requested size: 361.34912pt x 216.80946pt.

Underfull \hbox (badness 10000) in paragraph at lines 562--563

 []

[19pdfTeX warning (ext4): destination with the same identifier (name{figure.13}
) has been already used, duplicate ignored

\AtBegShi@Output ...ipout \box \AtBeginShipoutBox 
                                                  \fi \fi 
l.563 
       <./figure/beamer-kde3-1.pdf>]
Underfull \hbox (badness 10000) in paragraph at lines 569--571
=======
Underfull \hbox (badness 10000) in paragraph at lines 439--442

 []

[17
pdfTeX warning (ext4): destination with the same identifier (name{figure.10}) h
as been already used, duplicate ignored
<argument> ...shipout:D \box_use:N \l_shipout_box 
                                                  \__shipout_drop_firstpage_...
l.445 
       <./figure/beamer-barcharts-1.pdf>]
<figure/beamer-hist2-1.pdf, id=426, 361.35pt x 289.08pt>
File: figure/beamer-hist2-1.pdf Graphic file (type pdf)
<use figure/beamer-hist2-1.pdf>
Package pdftex.def Info: figure/beamer-hist2-1.pdf  used on input line 452.
(pdftex.def)             Requested size: 208.13574pt x 166.51082pt.
<figure/beamer-kde3-1.pdf, id=427, 361.35pt x 289.08pt>
File: figure/beamer-kde3-1.pdf Graphic file (type pdf)
<use figure/beamer-kde3-1.pdf>
Package pdftex.def Info: figure/beamer-kde3-1.pdf  used on input line 464.
(pdftex.def)             Requested size: 208.13574pt x 166.51082pt.

Underfull \hbox (badness 10000) in paragraph at lines 478--479

 []


Underfull \hbox (badness 10000) in paragraph at lines 480--482

 []


LaTeX Warning: Reference `fig:kde3' on page 18 undefined on input line 490.

[18
pdfTeX warning (ext4): destination with the same identifier (name{figure.11}) h
as been already used, duplicate ignored
<argument> ...shipout:D \box_use:N \l_shipout_box 
                                                  \__shipout_drop_firstpage_...
l.491 
       <./figure/beamer-hist2-1.pdf> <./figure/beamer-kde3-1.pdf>]
Underfull \hbox (badness 10000) in paragraph at lines 498--499

 []


Underfull \hbox (badness 10000) in paragraph at lines 505--507
>>>>>>> 1e3c9774e7055626662d30967f66968e2b79b88a

 []


! LaTeX Error: There's no line here to end.

See the LaTeX manual or LaTeX Companion for explanation.
Type  H <return>  for immediate help.
 ...                                              
                                                  
<<<<<<< HEAD
l.574 \\R
=======
l.510 \\R
>>>>>>> 1e3c9774e7055626662d30967f66968e2b79b88a
         egression models are statistical tools that provide functions to es...

Your command was ignored.
Type  I <command> <return>  to replace it with another command,
or  <return>  to continue without it.


<<<<<<< HEAD
Underfull \hbox (badness 10000) in paragraph at lines 574--583
=======
Underfull \hbox (badness 10000) in paragraph at lines 510--519
>>>>>>> 1e3c9774e7055626662d30967f66968e2b79b88a

 []


<<<<<<< HEAD
Underfull \hbox (badness 10000) in paragraph at lines 574--583
=======
Underfull \hbox (badness 10000) in paragraph at lines 510--519
>>>>>>> 1e3c9774e7055626662d30967f66968e2b79b88a

 []


<<<<<<< HEAD
Underfull \hbox (badness 10000) in paragraph at lines 574--583
=======
Underfull \hbox (badness 10000) in paragraph at lines 510--519
>>>>>>> 1e3c9774e7055626662d30967f66968e2b79b88a

 []


<<<<<<< HEAD
Underfull \hbox (badness 10000) in paragraph at lines 604--609

 []


Underfull \hbox (badness 10000) in paragraph at lines 628--632

 []

[20]
! Undefined control sequence.
<recently read> \noident 
                         
l.657 \noident
=======
Underfull \hbox (badness 10000) in paragraph at lines 540--545

 []

[19]
Underfull \hbox (badness 10000) in paragraph at lines 564--568

 []

! Undefined control sequence.
<recently read> \noident 
                         
l.593 \noident
>>>>>>> 1e3c9774e7055626662d30967f66968e2b79b88a
              
The control sequence at the end of the top line
of your error message was never \def'ed. If you have
misspelled it (e.g., `\hobx'), type `I' and the correct
spelling (e.g., `I\hbox'). Otherwise just continue,
and I'll forget about whatever was undefined.


<<<<<<< HEAD
Underfull \hbox (badness 10000) in paragraph at lines 654--661
=======
Underfull \hbox (badness 10000) in paragraph at lines 590--597
>>>>>>> 1e3c9774e7055626662d30967f66968e2b79b88a

 []


<<<<<<< HEAD
Underfull \hbox (badness 10000) in paragraph at lines 654--661
=======
Underfull \hbox (badness 10000) in paragraph at lines 590--597
>>>>>>> 1e3c9774e7055626662d30967f66968e2b79b88a

 []


<<<<<<< HEAD
Underfull \hbox (badness 10000) in paragraph at lines 654--661

 []

<figure/beamer-cor-matrix-mtcars2-1.pdf, id=430, 361.35pt x 208.78pt>
File: figure/beamer-cor-matrix-mtcars2-1.pdf Graphic file (type pdf)
<use figure/beamer-cor-matrix-mtcars2-1.pdf>
Package pdftex.def Info: figure/beamer-cor-matrix-mtcars2-1.pdf  used on input 
line 675.
(pdftex.def)             Requested size: 361.34912pt x 208.77946pt.
[21]
<figure/beamer-scatter-plot-1.pdf, id=439, 289.08pt x 216.81pt>
File: figure/beamer-scatter-plot-1.pdf Graphic file (type pdf)
<use figure/beamer-scatter-plot-1.pdf>
Package pdftex.def Info: figure/beamer-scatter-plot-1.pdf  used on input line 7
19.
(pdftex.def)             Requested size: 289.07928pt x 216.81938pt.
 [22pdfTeX warning (ext4): destination with the same identifier (name{figure.14
}) has been already used, duplicate ignored

\AtBegShi@Output ...ipout \box \AtBeginShipoutBox 
                                                  \fi \fi 
l.725 
       <./figure/beamer-cor-matrix-mtcars2-1.pdf>]
Underfull \hbox (badness 10000) in paragraph at lines 727--729

 []

<image_reference/codeshoot.png, id=451, 781.92125pt x 33.12375pt>
File: image_reference/codeshoot.png Graphic file (type png)
<use image_reference/codeshoot.png>
Package pdftex.def Info: image_reference/codeshoot.png  used on input line 732.

(pdftex.def)             Requested size: 433.62pt x 18.36923pt.

Underfull \hbox (badness 10000) in paragraph at lines 735--738
=======
Underfull \hbox (badness 10000) in paragraph at lines 590--597

 []

[20]
<figure/beamer-cor-matrix-mtcars2-1.pdf, id=465, 361.35pt x 208.78pt>
File: figure/beamer-cor-matrix-mtcars2-1.pdf Graphic file (type pdf)
<use figure/beamer-cor-matrix-mtcars2-1.pdf>
Package pdftex.def Info: figure/beamer-cor-matrix-mtcars2-1.pdf  used on input 
line 611.
(pdftex.def)             Requested size: 361.34912pt x 208.77946pt.
LaTeX Font Info:    Font shape `OT1/cmtt/bx/n' in size <7> not available
(Font)              Font shape `OT1/cmtt/m/n' tried instead on input line 626.
<figure/beamer-scatter-plot-1.pdf, id=467, 289.08pt x 216.81pt>
File: figure/beamer-scatter-plot-1.pdf Graphic file (type pdf)
<use figure/beamer-scatter-plot-1.pdf>
Package pdftex.def Info: figure/beamer-scatter-plot-1.pdf  used on input line 6
55.
(pdftex.def)             Requested size: 289.07928pt x 216.81938pt.
 [21
pdfTeX warning (ext4): destination with the same identifier (name{figure.12}) h
as been already used, duplicate ignored
<argument> ...shipout:D \box_use:N \l_shipout_box 
                                                  \__shipout_drop_firstpage_...
l.661 
       <./figure/beamer-cor-matrix-mtcars2-1.pdf>]
Underfull \hbox (badness 10000) in paragraph at lines 663--665

 []

<codeshoot.png, id=482, 781.92125pt x 33.12375pt>
File: codeshoot.png Graphic file (type png)
<use codeshoot.png>
Package pdftex.def Info: codeshoot.png  used on input line 668.
(pdftex.def)             Requested size: 433.62pt x 18.36923pt.

Underfull \hbox (badness 10000) in paragraph at lines 671--674
>>>>>>> 1e3c9774e7055626662d30967f66968e2b79b88a

 []


<<<<<<< HEAD
Overfull \hbox (7.1309pt too wide) in paragraph at lines 740--741
=======
Overfull \hbox (7.1309pt too wide) in paragraph at lines 676--677
>>>>>>> 1e3c9774e7055626662d30967f66968e2b79b88a
\OT1/cmr/m/n/10 Bubble charts are a cap-ti-vat-ing data vi-su-al-i-sa-tion tool
 that ex-tends be-yond the typ-i-cal two-dimensional
 []


<<<<<<< HEAD
Underfull \hbox (badness 10000) in paragraph at lines 740--741
=======
Underfull \hbox (badness 10000) in paragraph at lines 676--677
>>>>>>> 1e3c9774e7055626662d30967f66968e2b79b88a

 []


<<<<<<< HEAD
Underfull \hbox (badness 10000) in paragraph at lines 742--744

 []

[23pdfTeX warning (ext4): destination with the same identifier (name{figure.15}
) has been already used, duplicate ignored

\AtBegShi@Output ...ipout \box \AtBeginShipoutBox 
                                                  \fi \fi 
l.745 \noindent
                <./figure/beamer-scatter-plot-1.pdf> <./image_reference/codesho
ot.png>]
Underfull \hbox (badness 10000) in paragraph at lines 745--747
=======
Underfull \hbox (badness 10000) in paragraph at lines 678--680

 []

[22
pdfTeX warning (ext4): destination with the same identifier (name{figure.13}) h
as been already used, duplicate ignored
<argument> ...shipout:D \box_use:N \l_shipout_box 
                                                  \__shipout_drop_firstpage_...
l.681 \noindent
                <./figure/beamer-scatter-plot-1.pdf> <./codeshoot.png>]
Underfull \hbox (badness 10000) in paragraph at lines 681--683
>>>>>>> 1e3c9774e7055626662d30967f66968e2b79b88a

 []


<<<<<<< HEAD
Underfull \hbox (badness 10000) in paragraph at lines 748--750
=======
Underfull \hbox (badness 10000) in paragraph at lines 684--686
>>>>>>> 1e3c9774e7055626662d30967f66968e2b79b88a

 []


<<<<<<< HEAD
Underfull \hbox (badness 10000) in paragraph at lines 751--753
=======
Underfull \hbox (badness 10000) in paragraph at lines 687--689
>>>>>>> 1e3c9774e7055626662d30967f66968e2b79b88a

 []


! LaTeX Error: There's no line here to end.

See the LaTeX manual or LaTeX Companion for explanation.
Type  H <return>  for immediate help.
 ...                                              
                                                  
<<<<<<< HEAD
l.761 \\\noident
=======
l.697 \\\noident
>>>>>>> 1e3c9774e7055626662d30967f66968e2b79b88a
                 Where \(S\) represents the size of the bubble, \(V\) the va...

Your command was ignored.
Type  I <command> <return>  to replace it with another command,
or  <return>  to continue without it.

! Undefined control sequence.
<recently read> \noident 
                         
<<<<<<< HEAD
l.761 \\\noident
=======
l.697 \\\noident
>>>>>>> 1e3c9774e7055626662d30967f66968e2b79b88a
                 Where \(S\) represents the size of the bubble, \(V\) the va...
The control sequence at the end of the top line
of your error message was never \def'ed. If you have
misspelled it (e.g., `\hobx'), type `I' and the correct
spelling (e.g., `I\hbox'). Otherwise just continue,
and I'll forget about whatever was undefined.


<<<<<<< HEAD
Underfull \hbox (badness 10000) in paragraph at lines 761--762
=======
Underfull \hbox (badness 10000) in paragraph at lines 697--698
>>>>>>> 1e3c9774e7055626662d30967f66968e2b79b88a

 []


<<<<<<< HEAD
Underfull \hbox (badness 10000) in paragraph at lines 763--765
=======
Underfull \hbox (badness 10000) in paragraph at lines 699--701
>>>>>>> 1e3c9774e7055626662d30967f66968e2b79b88a

 []

! Undefined control sequence.
<recently read> \noident 
                         
<<<<<<< HEAD
l.768 \noident
=======
l.704 \noident
>>>>>>> 1e3c9774e7055626662d30967f66968e2b79b88a
               The bubble chart shown in Figure~\ref{fig:bubble-plot} visual...
The control sequence at the end of the top line
of your error message was never \def'ed. If you have
misspelled it (e.g., `\hobx'), type `I' and the correct
spelling (e.g., `I\hbox'). Otherwise just continue,
and I'll forget about whatever was undefined.


<<<<<<< HEAD
LaTeX Warning: Reference `fig:bubble-plot' on page 24 undefined on input line 7
68.


Underfull \hbox (badness 10000) in paragraph at lines 766--769

 []

<figure/beamer-bubble-plot-1.pdf, id=466, 650.43pt x 361.35pt>
File: figure/beamer-bubble-plot-1.pdf Graphic file (type pdf)
<use figure/beamer-bubble-plot-1.pdf>
Package pdftex.def Info: figure/beamer-bubble-plot-1.pdf  used on input line 77
3.
=======
LaTeX Warning: Reference `fig:bubble-plot' on page 23 undefined on input line 7
04.


Underfull \hbox (badness 10000) in paragraph at lines 702--705

 []

<figure/beamer-bubble-plot-1.pdf, id=497, 650.43pt x 361.35pt>
File: figure/beamer-bubble-plot-1.pdf Graphic file (type pdf)
<use figure/beamer-bubble-plot-1.pdf>
Package pdftex.def Info: figure/beamer-bubble-plot-1.pdf  used on input line 70
9.
>>>>>>> 1e3c9774e7055626662d30967f66968e2b79b88a
(pdftex.def)             Requested size: 433.62pt x 240.90675pt.

! LaTeX Error: There's no line here to end.

See the LaTeX manual or LaTeX Companion for explanation.
Type  H <return>  for immediate help.
 ...                                              
                                                  
<<<<<<< HEAD
l.780 \\\noindent
=======
l.716 \\\noindent
>>>>>>> 1e3c9774e7055626662d30967f66968e2b79b88a
                  The bubble plot reveals a clear pattern: as cylinder count...

Your command was ignored.
Type  I <command> <return>  to replace it with another command,
or  <return>  to continue without it.

<<<<<<< HEAD
[24]
Underfull \hbox (badness 10000) in paragraph at lines 797--799

 []

[25 <./figure/beamer-bubble-plot-1.pdf>]

LaTeX Warning: Command \l invalid in math mode on input line 803.


LaTeX Warning: Command \l invalid in math mode on input line 804.


Underfull \hbox (badness 10000) in paragraph at lines 803--805
=======
[23]
Underfull \hbox (badness 10000) in paragraph at lines 733--735

 []

[24 <./figure/beamer-bubble-plot-1.pdf>]

LaTeX Warning: Command \l invalid in math mode on input line 739.


LaTeX Warning: Command \l invalid in math mode on input line 740.


Underfull \hbox (badness 10000) in paragraph at lines 739--741
>>>>>>> 1e3c9774e7055626662d30967f66968e2b79b88a

 []


<<<<<<< HEAD
Underfull \hbox (badness 10000) in paragraph at lines 811--812
=======
Underfull \hbox (badness 10000) in paragraph at lines 747--748
>>>>>>> 1e3c9774e7055626662d30967f66968e2b79b88a

 []


<<<<<<< HEAD
Underfull \hbox (badness 10000) in paragraph at lines 813--815
=======
Underfull \hbox (badness 10000) in paragraph at lines 749--751
>>>>>>> 1e3c9774e7055626662d30967f66968e2b79b88a

 []


<<<<<<< HEAD
Underfull \hbox (badness 10000) in paragraph at lines 816--818
=======
Underfull \hbox (badness 10000) in paragraph at lines 752--754
>>>>>>> 1e3c9774e7055626662d30967f66968e2b79b88a

 []


<<<<<<< HEAD
Underfull \hbox (badness 10000) in paragraph at lines 819--821

 []

[26]
<figure/beamer-spacetime-fy22-1.pdf, id=491, 505.89pt x 289.08pt>
File: figure/beamer-spacetime-fy22-1.pdf Graphic file (type pdf)
<use figure/beamer-spacetime-fy22-1.pdf>
Package pdftex.def Info: figure/beamer-spacetime-fy22-1.pdf  used on input line
 871.
(pdftex.def)             Requested size: 433.62pt x 247.7879pt.
<figure/beamer-fire-by-months-fy13-22-1.pdf, id=492, 361.35pt x 187.70125pt>
File: figure/beamer-fire-by-months-fy13-22-1.pdf Graphic file (type pdf)
<use figure/beamer-fire-by-months-fy13-22-1.pdf>
Package pdftex.def Info: figure/beamer-fire-by-months-fy13-22-1.pdf  used on in
put line 899.
(pdftex.def)             Requested size: 361.34912pt x 187.70079pt.
 [27pdfTeX warning (ext4): destination with the same identifier (name{figure.16
}) has been already used, duplicate ignored

\AtBegShi@Output ...ipout \box \AtBeginShipoutBox 
                                                  \fi \fi 
l.905 
       <./figure/beamer-spacetime-fy22-1.pdf>]
Underfull \hbox (badness 10000) in paragraph at lines 912--914

 []


Underfull \hbox (badness 10000) in paragraph at lines 915--917

 []


Underfull \hbox (badness 10000) in paragraph at lines 922--925
=======
Underfull \hbox (badness 10000) in paragraph at lines 755--757

 []

[25]
<figure/beamer-spacetime-fy22-1.pdf, id=523, 505.89pt x 289.08pt>
File: figure/beamer-spacetime-fy22-1.pdf Graphic file (type pdf)
<use figure/beamer-spacetime-fy22-1.pdf>
Package pdftex.def Info: figure/beamer-spacetime-fy22-1.pdf  used on input line
 807.
(pdftex.def)             Requested size: 433.62pt x 247.7879pt.
<figure/beamer-fire-by-months-fy13-22-1.pdf, id=524, 361.35pt x 187.70125pt>
File: figure/beamer-fire-by-months-fy13-22-1.pdf Graphic file (type pdf)
<use figure/beamer-fire-by-months-fy13-22-1.pdf>
Package pdftex.def Info: figure/beamer-fire-by-months-fy13-22-1.pdf  used on in
put line 835.
(pdftex.def)             Requested size: 361.34912pt x 187.70079pt.
 [26
pdfTeX warning (ext4): destination with the same identifier (name{figure.14}) h
as been already used, duplicate ignored
<argument> ...shipout:D \box_use:N \l_shipout_box 
                                                  \__shipout_drop_firstpage_...
l.841 
       <./figure/beamer-spacetime-fy22-1.pdf>]
Underfull \hbox (badness 10000) in paragraph at lines 848--850
>>>>>>> 1e3c9774e7055626662d30967f66968e2b79b88a

 []


Underfull \hbox (badness 10000) in paragraph at lines 851--853

 []

<<<<<<< HEAD
! Undefined control sequence.
l.930 ...T_0 = \{0,1,2,...,n\}$ for $n \in \mathbb
=======

Underfull \hbox (badness 10000) in paragraph at lines 858--861

 []


Underfull \hbox (badness 10000) in paragraph at lines 862--864

 []

! Undefined control sequence.
l.866 ...T_0 = \{0,1,2,...,n\}$ for $n \in \mathbb
>>>>>>> 1e3c9774e7055626662d30967f66968e2b79b88a
                                                  {N}$. By plotting these da...
The control sequence at the end of the top line
of your error message was never \def'ed. If you have
misspelled it (e.g., `\hobx'), type `I' and the correct
spelling (e.g., `I\hbox'). Otherwise just continue,
and I'll forget about whatever was undefined.


<<<<<<< HEAD
Underfull \hbox (badness 10000) in paragraph at lines 929--931

 []

[28pdfTeX warning (ext4): destination with the same identifier (name{figure.17}
) has been already used, duplicate ignored

\AtBegShi@Output ...ipout \box \AtBeginShipoutBox 
                                                  \fi \fi 
l.932 \noindent
                <./figure/beamer-fire-by-months-fy13-22-1.pdf>]
Underfull \hbox (badness 10000) in paragraph at lines 932--934
=======
Underfull \hbox (badness 10000) in paragraph at lines 865--867

 []

[27
pdfTeX warning (ext4): destination with the same identifier (name{figure.15}) h
as been already used, duplicate ignored
<argument> ...shipout:D \box_use:N \l_shipout_box 
                                                  \__shipout_drop_firstpage_...
l.868 \noindent
                <./figure/beamer-fire-by-months-fy13-22-1.pdf>]
Underfull \hbox (badness 10000) in paragraph at lines 868--870
>>>>>>> 1e3c9774e7055626662d30967f66968e2b79b88a

 []


<<<<<<< HEAD
Underfull \hbox (badness 10000) in paragraph at lines 935--937

 []

<figure/beamer-unnamed-chunk-2-1.pdf, id=514, 433.62pt x 252.945pt>
File: figure/beamer-unnamed-chunk-2-1.pdf Graphic file (type pdf)
<use figure/beamer-unnamed-chunk-2-1.pdf>
Package pdftex.def Info: figure/beamer-unnamed-chunk-2-1.pdf  used on input lin
e 963.
(pdftex.def)             Requested size: 433.61894pt x 252.95595pt.
[29pdfTeX warning (ext4): destination with the same identifier (name{figure.18}
) has been already used, duplicate ignored

\AtBegShi@Output ...ipout \box \AtBeginShipoutBox 
                                                  \fi \fi 
l.976 \[
        \text{MA}_{49}(t) = \frac{1}{49} \sum_{k=t-48}^{t} x_k,\] <./figure/bea
mer-unnamed-chunk-2-1.pdf>]
Underfull \hbox (badness 10000) in paragraph at lines 976--978
=======
Underfull \hbox (badness 10000) in paragraph at lines 871--873

 []

<figure/beamer-unnamed-chunk-2-1.pdf, id=546, 433.62pt x 252.945pt>
File: figure/beamer-unnamed-chunk-2-1.pdf Graphic file (type pdf)
<use figure/beamer-unnamed-chunk-2-1.pdf>
Package pdftex.def Info: figure/beamer-unnamed-chunk-2-1.pdf  used on input lin
e 899.
(pdftex.def)             Requested size: 433.61894pt x 252.95595pt.
[28
pdfTeX warning (ext4): destination with the same identifier (name{figure.16}) h
as been already used, duplicate ignored
<argument> ...shipout:D \box_use:N \l_shipout_box 
                                                  \__shipout_drop_firstpage_...
l.912 \[
        \text{MA}_{49}(t) = \frac{1}{49} \sum_{k=t-48}^{t} x_k,\] <./figure/bea
mer-unnamed-chunk-2-1.pdf>]
Underfull \hbox (badness 10000) in paragraph at lines 912--914
>>>>>>> 1e3c9774e7055626662d30967f66968e2b79b88a

 []


<<<<<<< HEAD
Underfull \hbox (badness 10000) in paragraph at lines 979--981
=======
Underfull \hbox (badness 10000) in paragraph at lines 915--917
>>>>>>> 1e3c9774e7055626662d30967f66968e2b79b88a

 []


<<<<<<< HEAD
Underfull \hbox (badness 10000) in paragraph at lines 982--984
=======
Underfull \hbox (badness 10000) in paragraph at lines 918--920
>>>>>>> 1e3c9774e7055626662d30967f66968e2b79b88a

 []


<<<<<<< HEAD
Underfull \hbox (badness 10000) in paragraph at lines 985--987
=======
Underfull \hbox (badness 10000) in paragraph at lines 921--923
>>>>>>> 1e3c9774e7055626662d30967f66968e2b79b88a

 []


<<<<<<< HEAD
Underfull \hbox (badness 10000) in paragraph at lines 988--990
=======
Underfull \hbox (badness 10000) in paragraph at lines 924--926
>>>>>>> 1e3c9774e7055626662d30967f66968e2b79b88a

 []


<<<<<<< HEAD
Underfull \hbox (badness 10000) in paragraph at lines 1000--1002
=======
Underfull \hbox (badness 10000) in paragraph at lines 936--938
>>>>>>> 1e3c9774e7055626662d30967f66968e2b79b88a

 []


<<<<<<< HEAD
Overfull \hbox (1.47911pt too wide) in paragraph at lines 1015--1015
=======
Overfull \hbox (1.47911pt too wide) in paragraph at lines 951--951
>>>>>>> 1e3c9774e7055626662d30967f66968e2b79b88a
[]  []\OT1/cmtt/m/n/7 facet_wrap[][]([][]~[][]component,[] []scales[] []=[] []"
free_y"[][],[] []ncol[] []=[] []1[][])[] []+[] []labs[][]([][]x[] []=[] []"Date
"[][],[][]y[] []=[] []"Exchange Rate to GBP"[][])[] []+[] []theme_minimal[][]()
[][] 
 []

<<<<<<< HEAD
<figure/beamer-unnamed-chunk-4-1.pdf, id=528, 361.35pt x 289.08pt>
File: figure/beamer-unnamed-chunk-4-1.pdf Graphic file (type pdf)
<use figure/beamer-unnamed-chunk-4-1.pdf>
Package pdftex.def Info: figure/beamer-unnamed-chunk-4-1.pdf  used on input lin
e 1019.
(pdftex.def)             Requested size: 361.34912pt x 289.07928pt.
[30]
Underfull \hbox (badness 10000) in paragraph at lines 1030--1032
=======
<figure/beamer-unnamed-chunk-4-1.pdf, id=560, 361.35pt x 289.08pt>
File: figure/beamer-unnamed-chunk-4-1.pdf Graphic file (type pdf)
<use figure/beamer-unnamed-chunk-4-1.pdf>
Package pdftex.def Info: figure/beamer-unnamed-chunk-4-1.pdf  used on input lin
e 955.
(pdftex.def)             Requested size: 361.34912pt x 289.07928pt.
[29]
Underfull \hbox (badness 10000) in paragraph at lines 966--968
>>>>>>> 1e3c9774e7055626662d30967f66968e2b79b88a

 []


<<<<<<< HEAD
Underfull \hbox (badness 10000) in paragraph at lines 1033--1035
=======
Underfull \hbox (badness 10000) in paragraph at lines 969--971
>>>>>>> 1e3c9774e7055626662d30967f66968e2b79b88a

 []


<<<<<<< HEAD
Underfull \hbox (badness 10000) in paragraph at lines 1036--1038
=======
Underfull \hbox (badness 10000) in paragraph at lines 972--974
>>>>>>> 1e3c9774e7055626662d30967f66968e2b79b88a

 []


<<<<<<< HEAD
Underfull \hbox (badness 10000) in paragraph at lines 1039--1041
=======
Underfull \hbox (badness 10000) in paragraph at lines 975--977
>>>>>>> 1e3c9774e7055626662d30967f66968e2b79b88a

 []


<<<<<<< HEAD
Underfull \hbox (badness 10000) in paragraph at lines 1042--1045
=======
Underfull \hbox (badness 10000) in paragraph at lines 978--981
>>>>>>> 1e3c9774e7055626662d30967f66968e2b79b88a

 []


<<<<<<< HEAD
Underfull \hbox (badness 10000) in paragraph at lines 1042--1045

 []

[31pdfTeX warning (ext4): destination with the same identifier (name{figure.19}
) has been already used, duplicate ignored

\AtBegShi@Output ...ipout \box \AtBeginShipoutBox 
                                                  \fi \fi 
l.1045 
        <./figure/beamer-unnamed-chunk-4-1.pdf>]
Underfull \hbox (badness 10000) in paragraph at lines 1051--1054

 []

<figure/beamer-unnamed-chunk-5-1.pdf, id=546, 289.08pt x 216.81pt>
File: figure/beamer-unnamed-chunk-5-1.pdf Graphic file (type pdf)
<use figure/beamer-unnamed-chunk-5-1.pdf>
Package pdftex.def Info: figure/beamer-unnamed-chunk-5-1.pdf  used on input lin
e 1069.
(pdftex.def)             Requested size: 289.07928pt x 216.81938pt.
[32]
Underfull \hbox (badness 10000) in paragraph at lines 1080--1082

 []

=======
Underfull \hbox (badness 10000) in paragraph at lines 978--981

 []

[30
pdfTeX warning (ext4): destination with the same identifier (name{figure.17}) h
as been already used, duplicate ignored
<argument> ...shipout:D \box_use:N \l_shipout_box 
                                                  \__shipout_drop_firstpage_...
l.981 
       <./figure/beamer-unnamed-chunk-4-1.pdf>]
Underfull \hbox (badness 10000) in paragraph at lines 987--990

 []

<figure/beamer-unnamed-chunk-5-1.pdf, id=578, 289.08pt x 216.81pt>
File: figure/beamer-unnamed-chunk-5-1.pdf Graphic file (type pdf)
<use figure/beamer-unnamed-chunk-5-1.pdf>
Package pdftex.def Info: figure/beamer-unnamed-chunk-5-1.pdf  used on input lin
e 1005.
(pdftex.def)             Requested size: 289.07928pt x 216.81938pt.
[31]
Underfull \hbox (badness 10000) in paragraph at lines 1016--1018

 []

[32
pdfTeX warning (ext4): destination with the same identifier (name{figure.18}) h
as been already used, duplicate ignored
<argument> ...shipout:D \box_use:N \l_shipout_box 
                                                  \__shipout_drop_firstpage_...
l.1033 \item \textbf
                    {Nodes and Edges}: Mathematically, a network graph, \(G\...
 <./figure/beamer-unnamed-chunk-5-1.pdf>]
Underfull \hbox (badness 10000) in paragraph at lines 1081--1082

 []

[33]
Underfull \hbox (badness 10000) in paragraph at lines 1092--1094

 []


Underfull \hbox (badness 10000) in paragraph at lines 1095--1097

 []

<figure/beamer-unnamed-chunk-7-1.pdf, id=606, 361.35pt x 361.35pt>
File: figure/beamer-unnamed-chunk-7-1.pdf Graphic file (type pdf)
<use figure/beamer-unnamed-chunk-7-1.pdf>
Package pdftex.def Info: figure/beamer-unnamed-chunk-7-1.pdf  used on input lin
e 1122.
(pdftex.def)             Requested size: 361.34912pt x 361.34912pt.
[34]
Underfull \hbox (badness 10000) in paragraph at lines 1134--1136

 []

<figure/beamer-unnamed-chunk-8-1.pdf, id=612, 361.35pt x 361.35pt>
File: figure/beamer-unnamed-chunk-8-1.pdf Graphic file (type pdf)
<use figure/beamer-unnamed-chunk-8-1.pdf>
Package pdftex.def Info: figure/beamer-unnamed-chunk-8-1.pdf  used on input lin
e 1153.
(pdftex.def)             Requested size: 361.34912pt x 361.34912pt.
[35
pdfTeX warning (ext4): destination with the same identifier (name{figure.19}) h
as been already used, duplicate ignored
<argument> ...shipout:D \box_use:N \l_shipout_box 
                                                  \__shipout_drop_firstpage_...
l.1163 
        <./figure/beamer-unnamed-chunk-7-1.pdf>]
Underfull \hbox (badness 10000) in paragraph at lines 1164--1166

 []


Underfull \hbox (badness 10000) in paragraph at lines 1167--1169

 []

[36
pdfTeX warning (ext4): destination with the same identifier (name{figure.20}) h
as been already used, duplicate ignored
<argument> ...shipout:D \box_use:N \l_shipout_box 
                                                  \__shipout_drop_firstpage_...
l.1172 
        <./figure/beamer-unnamed-chunk-8-1.pdf>]
Underfull \hbox (badness 10000) in paragraph at lines 1175--1176

 []


Underfull \hbox (badness 10000) in paragraph at lines 1177--1179

 []

! Undefined control sequence.
l.1181 \textbt
              {rgl}: This is one of the most popular R packages for creating...
The control sequence at the end of the top line
of your error message was never \def'ed. If you have
misspelled it (e.g., `\hobx'), type `I' and the correct
spelling (e.g., `I\hbox'). Otherwise just continue,
and I'll forget about whatever was undefined.

! Undefined control sequence.
<recently read> \textbt 
                        
l.1182 \textbt
              {scatterplot}This package provides a function to create 3D ...
The control sequence at the end of the top line
of your error message was never \def'ed. If you have
misspelled it (e.g., `\hobx'), type `I' and the correct
spelling (e.g., `I\hbox'). Otherwise just continue,
and I'll forget about whatever was undefined.


! LaTeX Error: Unicode character  (U+FF1A)
               not set up for use with LaTeX.

See the LaTeX manual or LaTeX Companion for explanation.
Type  H <return>  for immediate help.
 ...                                              
                                                  
l.1182 \textbt{scatterplot}
                              This package provides a function to create 3D ...

You may provide a definition with
\DeclareUnicodeCharacter 


Underfull \hbox (badness 10000) in paragraph at lines 1180--1183

 []


Underfull \hbox (badness 10000) in paragraph at lines 1184--1186

 []

<figure/beamer-3d1-1.pdf, id=637, 289.08pt x 289.08pt>
File: figure/beamer-3d1-1.pdf Graphic file (type pdf)
<use figure/beamer-3d1-1.pdf>
Package pdftex.def Info: figure/beamer-3d1-1.pdf  used on input line 1206.
(pdftex.def)             Requested size: 289.07928pt x 289.09251pt.
[37] [38
pdfTeX warning (ext4): destination with the same identifier (name{figure.21}) h
as been already used, duplicate ignored
<argument> ...shipout:D \box_use:N \l_shipout_box 
                                                  \__shipout_drop_firstpage_...
l.1227 \section
               {State-of-the-Art Approaches} <./figure/beamer-3d1-1.pdf>]
>>>>>>> 1e3c9774e7055626662d30967f66968e2b79b88a
(./main_file.bbl
Underfull \hbox (badness 1472) in paragraph at lines 4--9
[]\TS1/cmr/m/n/10 $\OT1/cmr/m/n/10 500,000 in 1937 is how much to-day?  []$\OT1
/cmtt/m/n/10 https : / / www . calculateme . com / inflation /
 []

[33pdfTeX warning (ext4): destination with the same identifier (name{figure.20}
) has been already used, duplicate ignored

\AtBegShi@Output ...ipout \box \AtBeginShipoutBox 
                                                  \fi \fi 
l.34 
      <./figure/beamer-unnamed-chunk-5-1.pdf>]
Underfull \hbox (badness 10000) in paragraph at lines 44--50
[]\OT1/cmr/m/n/10 A. Ruther-ford.  Where sci-ence meets fic-tion: the dark his-
tory
 []


Underfull \hbox (badness 10000) in paragraph at lines 44--50
\OT1/cmr/m/n/10 of eu-gen-ics.  []$\OT1/cmtt/m/n/10 https : / / www . theguardi
an . com / science / 2022 / jun / 19 /
 []


Underfull \hbox (badness 6284) in paragraph at lines 44--50
\OT1/cmtt/m/n/10 where-[]science-[]meets-[]fiction-[]the-[]dark-[]history-[]of-
[]eugenics$[]\OT1/cmr/m/n/10 , 2022.  Ac-cessed 9
 []


Underfull \hbox (badness 10000) in paragraph at lines 64--68
[]\OT1/cmr/m/n/10 Wikipedia Con-trib-u-tors.  Mul-ti-collinear-ity.  []$\OT1/cm
tt/m/n/10 https : / / en . wikipedia . org / wiki /
 []

<<<<<<< HEAD
)

! LaTeX Error: There's no line here to end.

See the LaTeX manual or LaTeX Companion for explanation.
Type  H <return>  for immediate help.
 ...                                              
                                                  
l.1094 \\
         
Your command was ignored.
Type  I <command> <return>  to replace it with another command,
or  <return>  to continue without it.


! LaTeX Error: There's no line here to end.

See the LaTeX manual or LaTeX Companion for explanation.
Type  H <return>  for immediate help.
 ...                                              
                                                  
l.1095 {
        \Large \textbf{Appendix A}}
Your command was ignored.
Type  I <command> <return>  to replace it with another command,
or  <return>  to continue without it.

[34] [35]
Package atveryend Info: Empty hook `BeforeClearDocument' on input line 1217.
 [36]
Package atveryend Info: Empty hook `AfterLastShipout' on input line 1217.
 (./main_file.aux)
Package atveryend Info: Executing hook `AtVeryEndDocument' on input line 1217.
Package atveryend Info: Executing hook `AtEndAfterFileList' on input line 1217.

Package rerunfilecheck Info: File `main_file.out' has not changed.
(rerunfilecheck)             Checksum: 4E747A4EB19FC9B148BAE85498C24A59;2812.


LaTeX Warning: There were undefined references.

Package atveryend Info: Empty hook `AtVeryVeryEnd' on input line 1217.
 ) 
Here is how much of TeX's memory you used:
 9397 strings out of 492649
 136840 string characters out of 6129622
 243039 words of memory out of 5000000
 13031 multiletter control sequences out of 15000+600000
 11186 words of font info for 41 fonts, out of 8000000 for 9000
 1141 hyphenation exceptions out of 8191
 28i,9n,35p,988b,450s stack positions out of 5000i,500n,10000p,200000b,80000s
{/usr/local/texlive/2018/texmf-dist/fonts/enc/dvips/cm-super/cm-super-ts1.enc
}</usr/local/texlive/2018/texmf-dist/fonts/type1/public/amsfonts/cm/cmbx10.pfb>
</usr/local/texlive/2018/texmf-dist/fonts/type1/public/amsfonts/cm/cmbx12.pfb><
/usr/local/texlive/2018/texmf-dist/fonts/type1/public/amsfonts/cm/cmbxti10.pfb>
</usr/local/texlive/2018/texmf-dist/fonts/type1/public/amsfonts/cm/cmex10.pfb><
/usr/local/texlive/2018/texmf-dist/fonts/type1/public/amsfonts/cm/cmitt10.pfb><
/usr/local/texlive/2018/texmf-dist/fonts/type1/public/amsfonts/cm/cmmi10.pfb></
usr/local/texlive/2018/texmf-dist/fonts/type1/public/amsfonts/cm/cmmi7.pfb></us
r/local/texlive/2018/texmf-dist/fonts/type1/public/amsfonts/cm/cmr10.pfb></usr/
local/texlive/2018/texmf-dist/fonts/type1/public/amsfonts/cm/cmr12.pfb></usr/lo
cal/texlive/2018/texmf-dist/fonts/type1/public/amsfonts/cm/cmr17.pfb></usr/loca
l/texlive/2018/texmf-dist/fonts/type1/public/amsfonts/cm/cmr5.pfb></usr/local/t
exlive/2018/texmf-dist/fonts/type1/public/amsfonts/cm/cmr7.pfb></usr/local/texl
ive/2018/texmf-dist/fonts/type1/public/amsfonts/cm/cmsy10.pfb></usr/local/texli
ve/2018/texmf-dist/fonts/type1/public/amsfonts/cm/cmsy7.pfb></usr/local/texlive
/2018/texmf-dist/fonts/type1/public/amsfonts/cm/cmti10.pfb></usr/local/texlive/
2018/texmf-dist/fonts/type1/public/amsfonts/cm/cmtt10.pfb></usr/local/texlive/2
018/texmf-dist/fonts/type1/public/amsfonts/cm/cmtt8.pfb></usr/local/texlive/201
8/texmf-dist/fonts/type1/public/cm-super/sfrm1000.pfb>
Output written on main_file.pdf (36 pages, 6940959 bytes).
PDF statistics:
 677 PDF objects out of 1000 (max. 8388607)
 563 compressed objects within 6 object streams
 116 named destinations out of 1000 (max. 500000)
 380 words of extra memory for PDF output out of 10000 (max. 10000000)
=======
) Excluding 'comment' comment. [39] (./main_file.aux)

LaTeX Warning: There were undefined references.

Package rerunfilecheck Info: File `main_file.out' has not changed.
(rerunfilecheck)             Checksum: AEAA1A3B4A4FD1977042F3EC88F4635D;9691.
 ) 
Here is how much of TeX's memory you used:
 12569 strings out of 476025
 198951 string characters out of 5790016
 1871388 words of memory out of 5000000
 32700 multiletter control sequences out of 15000+600000
 519833 words of font info for 59 fonts, out of 8000000 for 9000
 1141 hyphenation exceptions out of 8191
 75i,9n,76p,1021b,525s stack positions out of 10000i,1000n,20000p,200000b,200000s
</usr/local/texlive/2023/texmf-dist/fonts/type1/public/amsfonts/cm/cmbx10.pfb
></usr/local/texlive/2023/texmf-dist/fonts/type1/public/amsfonts/cm/cmbx12.pfb>
</usr/local/texlive/2023/texmf-dist/fonts/type1/public/amsfonts/cm/cmbxti10.pfb
></usr/local/texlive/2023/texmf-dist/fonts/type1/public/amsfonts/cm/cmex10.pfb>
</usr/local/texlive/2023/texmf-dist/fonts/type1/public/amsfonts/cm/cmitt10.pfb>
</usr/local/texlive/2023/texmf-dist/fonts/type1/public/amsfonts/cm/cmmi10.pfb><
/usr/local/texlive/2023/texmf-dist/fonts/type1/public/amsfonts/cm/cmmi7.pfb></u
sr/local/texlive/2023/texmf-dist/fonts/type1/public/amsfonts/cm/cmr10.pfb></usr
/local/texlive/2023/texmf-dist/fonts/type1/public/amsfonts/cm/cmr12.pfb></usr/l
ocal/texlive/2023/texmf-dist/fonts/type1/public/amsfonts/cm/cmr17.pfb></usr/loc
al/texlive/2023/texmf-dist/fonts/type1/public/amsfonts/cm/cmr5.pfb></usr/local/
texlive/2023/texmf-dist/fonts/type1/public/amsfonts/cm/cmr7.pfb></usr/local/tex
live/2023/texmf-dist/fonts/type1/public/amsfonts/cm/cmsy10.pfb></usr/local/texl
ive/2023/texmf-dist/fonts/type1/public/amsfonts/cm/cmsy7.pfb></usr/local/texliv
e/2023/texmf-dist/fonts/type1/public/amsfonts/cm/cmti10.pfb></usr/local/texlive
/2023/texmf-dist/fonts/type1/public/amsfonts/cm/cmtt10.pfb></usr/local/texlive/
2023/texmf-dist/fonts/type1/public/amsfonts/cm/cmtt8.pfb></usr/local/texlive/20
23/texmf-dist/fonts/type1/public/cm-super/sfrm1000.pfb>
Output written on main_file.pdf (39 pages, 7872475 bytes).
PDF statistics:
 783 PDF objects out of 1000 (max. 8388607)
 642 compressed objects within 7 object streams
 128 named destinations out of 1000 (max. 500000)
 478 words of extra memory for PDF output out of 10000 (max. 10000000)
>>>>>>> 1e3c9774e7055626662d30967f66968e2b79b88a

